# JRE version: OpenJDK Runtime Environment Temurin-21.0.8+9 (21.0.8+9) (build 21.0.8+9-LTS)
# Java VM: OpenJDK 64-Bit Server VM Temurin-21.0.8+9 (21.0.8+9-LTS, mixed mode, sharing, tiered, compressed oops, compressed class ptrs, parallel gc, windows-amd64)
GC Precious Log:
 CardTable entry size: 512
 CPUs: 8 total, 8 available
 Memory: 5965M
 Large Page Support: Disabled
 NUMA Support: Disabled
 Compressed Oops: Enabled (32-bit)
 Alignments: Space 512K, Generation 512K, Heap 2M
 Heap Min Capacity: 100M
 Heap Initial Capacity: 100M
 Heap Max Capacity: 2G
 Pre-touch: Disabled
 Parallel Workers: 8
Heap:
 PSYoungGen      total 10752K, used 9205K [0x00000000d5580000, 0x00000000d6b80000, 0x0000000100000000)
  eden space 8704K, 82% used [0x00000000d5580000,0x00000000d5c80178,0x00000000d5e00000)
  from space 2048K, 99% used [0x00000000d6380000,0x00000000d657d558,0x00000000d6580000)
  to   space 5632K, 0% used [0x00000000d5e00000,0x00000000d5e00000,0x00000000d6380000)
 ParOldGen       total 68608K, used 67246K [0x0000000080000000, 0x0000000084300000, 0x00000000d5580000)
  object space 68608K, 98% used [0x0000000080000000,0x00000000841aba68,0x0000000084300000)
 Metaspace       used 55173K, committed 56320K, reserved 1114112K
  class space    used 5877K, committed 6336K, reserved 1048576K
GC Heap History (20 events):
Event: 13.241 GC heap before
{Heap before GC invocations=37 (full 2):
 PSYoungGen      total 12800K, used 12794K [0x00000000d5580000, 0x00000000d6900000, 0x0000000100000000)
  eden space 11264K, 100% used [0x00000000d5580000,0x00000000d6080000,0x00000000d6080000)
  from space 1536K, 99% used [0x00000000d6480000,0x00000000d65fea58,0x00000000d6600000)
  to   space 4096K, 0% used [0x00000000d6080000,0x00000000d6080000,0x00000000d6480000)
 ParOldGen       total 68608K, used 56331K [0x0000000080000000, 0x0000000084300000, 0x00000000d5580000)
  object space 68608K, 82% used [0x0000000080000000,0x0000000083702d78,0x0000000084300000)
 Metaspace       used 51324K, committed 52480K, reserved 1114112K
  class space    used 5536K, committed 6016K, reserved 1048576K
}
Event: 13.243 GC heap after
{Heap after GC invocations=37 (full 2):
 PSYoungGen      total 12800K, used 1386K [0x00000000d5580000, 0x00000000d6580000, 0x0000000100000000)
  eden space 11264K, 0% used [0x00000000d5580000,0x00000000d5580000,0x00000000d6080000)
  from space 1536K, 90% used [0x00000000d6080000,0x00000000d61daaf0,0x00000000d6200000)
  to   space 2560K, 0% used [0x00000000d6300000,0x00000000d6300000,0x00000000d6580000)
 ParOldGen       total 68608K, used 57428K [0x0000000080000000, 0x0000000084300000, 0x00000000d5580000)
  object space 68608K, 83% used [0x0000000080000000,0x00000000838153d8,0x0000000084300000)
 Metaspace       used 51324K, committed 52480K, reserved 1114112K
  class space    used 5536K, committed 6016K, reserved 1048576K
}
Event: 13.271 GC heap before
{Heap before GC invocations=38 (full 2):
 PSYoungGen      total 12800K, used 12650K [0x00000000d5580000, 0x00000000d6580000, 0x0000000100000000)
  eden space 11264K, 100% used [0x00000000d5580000,0x00000000d6080000,0x00000000d6080000)
  from space 1536K, 90% used [0x00000000d6080000,0x00000000d61daaf0,0x00000000d6200000)
  to   space 2560K, 0% used [0x00000000d6300000,0x00000000d6300000,0x00000000d6580000)
 ParOldGen       total 68608K, used 57428K [0x0000000080000000, 0x0000000084300000, 0x00000000d5580000)
  object space 68608K, 83% used [0x0000000080000000,0x00000000838153d8,0x0000000084300000)
 Metaspace       used 51324K, committed 52480K, reserved 1114112K
  class space    used 5536K, committed 6016K, reserved 1048576K
}
Event: 13.272 GC heap after
{Heap after GC invocations=38 (full 2):
 PSYoungGen      total 12288K, used 782K [0x00000000d5580000, 0x00000000d6400000, 0x0000000100000000)
  eden space 11264K, 0% used [0x00000000d5580000,0x00000000d5580000,0x00000000d6080000)
  from space 1024K, 76% used [0x00000000d6300000,0x00000000d63c3b00,0x00000000d6400000)
  to   space 1536K, 0% used [0x00000000d6100000,0x00000000d6100000,0x00000000d6280000)
 ParOldGen       total 68608K, used 57727K [0x0000000080000000, 0x0000000084300000, 0x00000000d5580000)
  object space 68608K, 84% used [0x0000000080000000,0x000000008385fc20,0x0000000084300000)
 Metaspace       used 51324K, committed 52480K, reserved 1114112K
  class space    used 5536K, committed 6016K, reserved 1048576K
}
Event: 13.342 GC heap before
{Heap before GC invocations=39 (full 2):
 PSYoungGen      total 12288K, used 12046K [0x00000000d5580000, 0x00000000d6400000, 0x0000000100000000)
  eden space 11264K, 100% used [0x00000000d5580000,0x00000000d6080000,0x00000000d6080000)
  from space 1024K, 76% used [0x00000000d6300000,0x00000000d63c3b00,0x00000000d6400000)
  to   space 1536K, 0% used [0x00000000d6100000,0x00000000d6100000,0x00000000d6280000)
 ParOldGen       total 68608K, used 57727K [0x0000000080000000, 0x0000000084300000, 0x00000000d5580000)
  object space 68608K, 84% used [0x0000000080000000,0x000000008385fc20,0x0000000084300000)
 Metaspace       used 51732K, committed 52864K, reserved 1114112K
  class space    used 5568K, committed 6016K, reserved 1048576K
}
Event: 13.343 GC heap after
{Heap after GC invocations=39 (full 2):
 PSYoungGen      total 12800K, used 704K [0x00000000d5580000, 0x00000000d6380000, 0x0000000100000000)
  eden space 11264K, 0% used [0x00000000d5580000,0x00000000d5580000,0x00000000d6080000)
  from space 1536K, 45% used [0x00000000d6100000,0x00000000d61b0000,0x00000000d6280000)
  to   space 1024K, 0% used [0x00000000d6280000,0x00000000d6280000,0x00000000d6380000)
 ParOldGen       total 68608K, used 58023K [0x0000000080000000, 0x0000000084300000, 0x00000000d5580000)
  object space 68608K, 84% used [0x0000000080000000,0x00000000838a9c80,0x0000000084300000)
 Metaspace       used 51732K, committed 52864K, reserved 1114112K
  class space    used 5568K, committed 6016K, reserved 1048576K
}
Event: 13.635 GC heap before
{Heap before GC invocations=40 (full 2):
 PSYoungGen      total 12800K, used 11968K [0x00000000d5580000, 0x00000000d6380000, 0x0000000100000000)
  eden space 11264K, 100% used [0x00000000d5580000,0x00000000d6080000,0x00000000d6080000)
  from space 1536K, 45% used [0x00000000d6100000,0x00000000d61b0000,0x00000000d6280000)
  to   space 1024K, 0% used [0x00000000d6280000,0x00000000d6280000,0x00000000d6380000)
 ParOldGen       total 68608K, used 58023K [0x0000000080000000, 0x0000000084300000, 0x00000000d5580000)
  object space 68608K, 84% used [0x0000000080000000,0x00000000838a9c80,0x0000000084300000)
 Metaspace       used 52607K, committed 53824K, reserved 1114112K
  class space    used 5664K, committed 6144K, reserved 1048576K
}
Event: 13.638 GC heap after
{Heap after GC invocations=40 (full 2):
 PSYoungGen      total 12288K, used 992K [0x00000000d5580000, 0x00000000d6380000, 0x0000000100000000)
  eden space 11264K, 0% used [0x00000000d5580000,0x00000000d5580000,0x00000000d6080000)
  from space 1024K, 96% used [0x00000000d6280000,0x00000000d6378010,0x00000000d6380000)
  to   space 1536K, 0% used [0x00000000d6080000,0x00000000d6080000,0x00000000d6200000)
 ParOldGen       total 68608K, used 58555K [0x0000000080000000, 0x0000000084300000, 0x00000000d5580000)
  object space 68608K, 85% used [0x0000000080000000,0x000000008392ee90,0x0000000084300000)
 Metaspace       used 52607K, committed 53824K, reserved 1114112K
  class space    used 5664K, committed 6144K, reserved 1048576K
}
Event: 13.836 GC heap before
{Heap before GC invocations=41 (full 2):
 PSYoungGen      total 12288K, used 12251K [0x00000000d5580000, 0x00000000d6380000, 0x0000000100000000)
  eden space 11264K, 99% used [0x00000000d5580000,0x00000000d607ee80,0x00000000d6080000)
  from space 1024K, 96% used [0x00000000d6280000,0x00000000d6378010,0x00000000d6380000)
  to   space 1536K, 0% used [0x00000000d6080000,0x00000000d6080000,0x00000000d6200000)
 ParOldGen       total 68608K, used 58555K [0x0000000080000000, 0x0000000084300000, 0x00000000d5580000)
  object space 68608K, 85% used [0x0000000080000000,0x000000008392ee90,0x0000000084300000)
 Metaspace       used 52783K, committed 53952K, reserved 1114112K
  class space    used 5704K, committed 6144K, reserved 1048576K
}
Event: 13.838 GC heap after
{Heap after GC invocations=41 (full 2):
 PSYoungGen      total 12800K, used 1125K [0x00000000d5580000, 0x00000000d6380000, 0x0000000100000000)
  eden space 11264K, 0% used [0x00000000d5580000,0x00000000d5580000,0x00000000d6080000)
  from space 1536K, 73% used [0x00000000d6080000,0x00000000d6199678,0x00000000d6200000)
  to   space 1536K, 0% used [0x00000000d6200000,0x00000000d6200000,0x00000000d6380000)
 ParOldGen       total 68608K, used 59351K [0x0000000080000000, 0x0000000084300000, 0x00000000d5580000)
  object space 68608K, 86% used [0x0000000080000000,0x00000000839f5fc8,0x0000000084300000)
 Metaspace       used 52783K, committed 53952K, reserved 1114112K
  class space    used 5704K, committed 6144K, reserved 1048576K
}
Event: 14.090 GC heap before
{Heap before GC invocations=42 (full 2):
 PSYoungGen      total 12800K, used 12389K [0x00000000d5580000, 0x00000000d6380000, 0x0000000100000000)
  eden space 11264K, 100% used [0x00000000d5580000,0x00000000d6080000,0x00000000d6080000)
  from space 1536K, 73% used [0x00000000d6080000,0x00000000d6199678,0x00000000d6200000)
  to   space 1536K, 0% used [0x00000000d6200000,0x00000000d6200000,0x00000000d6380000)
 ParOldGen       total 68608K, used 59351K [0x0000000080000000, 0x0000000084300000, 0x00000000d5580000)
  object space 68608K, 86% used [0x0000000080000000,0x00000000839f5fc8,0x0000000084300000)
 Metaspace       used 53186K, committed 54400K, reserved 1114112K
  class space    used 5737K, committed 6208K, reserved 1048576K
}
Event: 14.093 GC heap after
{Heap after GC invocations=42 (full 2):
 PSYoungGen      total 12800K, used 1422K [0x00000000d5580000, 0x00000000d6380000, 0x0000000100000000)
  eden space 11264K, 0% used [0x00000000d5580000,0x00000000d5580000,0x00000000d6080000)
  from space 1536K, 92% used [0x00000000d6200000,0x00000000d6363850,0x00000000d6380000)
  to   space 1536K, 0% used [0x00000000d6080000,0x00000000d6080000,0x00000000d6200000)
 ParOldGen       total 68608K, used 60816K [0x0000000080000000, 0x0000000084300000, 0x00000000d5580000)
  object space 68608K, 88% used [0x0000000080000000,0x0000000083b64118,0x0000000084300000)
 Metaspace       used 53186K, committed 54400K, reserved 1114112K
  class space    used 5737K, committed 6208K, reserved 1048576K
}
Event: 14.332 GC heap before
{Heap before GC invocations=43 (full 2):
 PSYoungGen      total 12800K, used 12686K [0x00000000d5580000, 0x00000000d6380000, 0x0000000100000000)
  eden space 11264K, 100% used [0x00000000d5580000,0x00000000d6080000,0x00000000d6080000)
  from space 1536K, 92% used [0x00000000d6200000,0x00000000d6363850,0x00000000d6380000)
  to   space 1536K, 0% used [0x00000000d6080000,0x00000000d6080000,0x00000000d6200000)
 ParOldGen       total 68608K, used 60816K [0x0000000080000000, 0x0000000084300000, 0x00000000d5580000)
  object space 68608K, 88% used [0x0000000080000000,0x0000000083b64118,0x0000000084300000)
 Metaspace       used 53409K, committed 54528K, reserved 1114112K
  class space    used 5767K, committed 6208K, reserved 1048576K
}
Event: 14.335 GC heap after
{Heap after GC invocations=43 (full 2):
 PSYoungGen      total 12800K, used 1533K [0x00000000d5580000, 0x00000000d6780000, 0x0000000100000000)
  eden space 11264K, 0% used [0x00000000d5580000,0x00000000d5580000,0x00000000d6080000)
  from space 1536K, 99% used [0x00000000d6080000,0x00000000d61ff560,0x00000000d6200000)
  to   space 3584K, 0% used [0x00000000d6400000,0x00000000d6400000,0x00000000d6780000)
 ParOldGen       total 68608K, used 62222K [0x0000000080000000, 0x0000000084300000, 0x00000000d5580000)
  object space 68608K, 90% used [0x0000000080000000,0x0000000083cc3838,0x0000000084300000)
 Metaspace       used 53409K, committed 54528K, reserved 1114112K
  class space    used 5767K, committed 6208K, reserved 1048576K
}
Event: 14.520 GC heap before
{Heap before GC invocations=44 (full 2):
 PSYoungGen      total 12800K, used 12797K [0x00000000d5580000, 0x00000000d6780000, 0x0000000100000000)
  eden space 11264K, 99% used [0x00000000d5580000,0x00000000d607ff88,0x00000000d6080000)
  from space 1536K, 99% used [0x00000000d6080000,0x00000000d61ff560,0x00000000d6200000)
  to   space 3584K, 0% used [0x00000000d6400000,0x00000000d6400000,0x00000000d6780000)
 ParOldGen       total 68608K, used 62222K [0x0000000080000000, 0x0000000084300000, 0x00000000d5580000)
  object space 68608K, 90% used [0x0000000080000000,0x0000000083cc3838,0x0000000084300000)
 Metaspace       used 53774K, committed 54912K, reserved 1114112K
  class space    used 5807K, committed 6272K, reserved 1048576K
}
Event: 14.522 GC heap after
{Heap after GC invocations=44 (full 2):
 PSYoungGen      total 12800K, used 1345K [0x00000000d5580000, 0x00000000d6580000, 0x0000000100000000)
  eden space 11264K, 0% used [0x00000000d5580000,0x00000000d5580000,0x00000000d6080000)
  from space 1536K, 87% used [0x00000000d6400000,0x00000000d65507c0,0x00000000d6580000)
  to   space 2048K, 0% used [0x00000000d6180000,0x00000000d6180000,0x00000000d6380000)
 ParOldGen       total 68608K, used 63584K [0x0000000080000000, 0x0000000084300000, 0x00000000d5580000)
  object space 68608K, 92% used [0x0000000080000000,0x0000000083e18128,0x0000000084300000)
 Metaspace       used 53774K, committed 54912K, reserved 1114112K
  class space    used 5807K, committed 6272K, reserved 1048576K
}
Event: 14.877 GC heap before
{Heap before GC invocations=45 (full 2):
 PSYoungGen      total 12800K, used 12609K [0x00000000d5580000, 0x00000000d6580000, 0x0000000100000000)
  eden space 11264K, 100% used [0x00000000d5580000,0x00000000d6080000,0x00000000d6080000)
  from space 1536K, 87% used [0x00000000d6400000,0x00000000d65507c0,0x00000000d6580000)
  to   space 2048K, 0% used [0x00000000d6180000,0x00000000d6180000,0x00000000d6380000)
 ParOldGen       total 68608K, used 63584K [0x0000000080000000, 0x0000000084300000, 0x00000000d5580000)
  object space 68608K, 92% used [0x0000000080000000,0x0000000083e18128,0x0000000084300000)
 Metaspace       used 54885K, committed 56128K, reserved 1114112K
  class space    used 5855K, committed 6336K, reserved 1048576K
}
Event: 14.879 GC heap after
{Heap after GC invocations=45 (full 2):
 PSYoungGen      total 13312K, used 1998K [0x00000000d5580000, 0x00000000d6580000, 0x0000000100000000)
  eden space 11264K, 0% used [0x00000000d5580000,0x00000000d5580000,0x00000000d6080000)
  from space 2048K, 97% used [0x00000000d6180000,0x00000000d6373968,0x00000000d6380000)
  to   space 2048K, 0% used [0x00000000d6380000,0x00000000d6380000,0x00000000d6580000)
 ParOldGen       total 68608K, used 64602K [0x0000000080000000, 0x0000000084300000, 0x00000000d5580000)
  object space 68608K, 94% used [0x0000000080000000,0x0000000083f169d0,0x0000000084300000)
 Metaspace       used 54885K, committed 56128K, reserved 1114112K
  class space    used 5855K, committed 6336K, reserved 1048576K
}
Event: 15.268 GC heap before
{Heap before GC invocations=46 (full 2):
 PSYoungGen      total 13312K, used 13262K [0x00000000d5580000, 0x00000000d6580000, 0x0000000100000000)
  eden space 11264K, 100% used [0x00000000d5580000,0x00000000d6080000,0x00000000d6080000)
  from space 2048K, 97% used [0x00000000d6180000,0x00000000d6373968,0x00000000d6380000)
  to   space 2048K, 0% used [0x00000000d6380000,0x00000000d6380000,0x00000000d6580000)
 ParOldGen       total 68608K, used 64602K [0x0000000080000000, 0x0000000084300000, 0x00000000d5580000)
  object space 68608K, 94% used [0x0000000080000000,0x0000000083f169d0,0x0000000084300000)
 Metaspace       used 54967K, committed 56128K, reserved 1114112K
  class space    used 5855K, committed 6336K, reserved 1048576K
}
Event: 15.271 GC heap after
{Heap after GC invocations=46 (full 2):
 PSYoungGen      total 10752K, used 2037K [0x00000000d5580000, 0x00000000d6b80000, 0x0000000100000000)
  eden space 8704K, 0% used [0x00000000d5580000,0x00000000d5580000,0x00000000d5e00000)
  from space 2048K, 99% used [0x00000000d6380000,0x00000000d657d558,0x00000000d6580000)
  to   space 5632K, 0% used [0x00000000d5e00000,0x00000000d5e00000,0x00000000d6380000)
 ParOldGen       total 68608K, used 67246K [0x0000000080000000, 0x0000000084300000, 0x00000000d5580000)
  object space 68608K, 98% used [0x0000000080000000,0x00000000841aba68,0x0000000084300000)
 Metaspace       used 54967K, committed 56128K, reserved 1114112K
  class space    used 5855K, committed 6336K, reserved 1048576K
}

