# JRE version: OpenJDK Runtime Environment Temurin-21.0.8+9 (21.0.8+9) (build 21.0.8+9-LTS)
# Java VM: OpenJDK 64-Bit Server VM Temurin-21.0.8+9 (21.0.8+9-LTS, mixed mode, sharing, tiered, compressed oops, compressed class ptrs, parallel gc, windows-amd64)
GC Precious Log:
 CardTable entry size: 512
 CPUs: 8 total, 8 available
 Memory: 5965M
 Large Page Support: Disabled
 NUMA Support: Disabled
 Compressed Oops: Enabled (32-bit)
 Alignments: Space 512K, Generation 512K, Heap 2M
 Heap Min Capacity: 100M
 Heap Initial Capacity: 100M
 Heap Max Capacity: 2G
 Pre-touch: Disabled
 Parallel Workers: 8
Heap:
 PSYoungGen      total 10752K, used 5374K [0x00000000d5580000, 0x00000000d6200000, 0x0000000100000000)
  eden space 8704K, 38% used [0x00000000d5580000,0x00000000d58c46c8,0x00000000d5e00000)
  from space 2048K, 99% used [0x00000000d6000000,0x00000000d61fb4e0,0x00000000d6200000)
  to   space 2048K, 0% used [0x00000000d5e00000,0x00000000d5e00000,0x00000000d6000000)
 ParOldGen       total 95744K, used 95600K [0x0000000080000000, 0x0000000085d80000, 0x00000000d5580000)
  object space 95744K, 99% used [0x0000000080000000,0x0000000085d5c098,0x0000000085d80000)
 Metaspace       used 58870K, committed 60160K, reserved 1114112K
  class space    used 6133K, committed 6720K, reserved 1048576K
GC Heap History (20 events):
Event: 56.713 GC heap before
{Heap before GC invocations=47 (full 2):
 PSYoungGen      total 13824K, used 13339K [0x00000000d5580000, 0x00000000d6680000, 0x0000000100000000)
  eden space 10752K, 99% used [0x00000000d5580000,0x00000000d5ffe910,0x00000000d6000000)
  from space 3072K, 84% used [0x00000000d6380000,0x00000000d6608550,0x00000000d6680000)
  to   space 3072K, 0% used [0x00000000d6080000,0x00000000d6080000,0x00000000d6380000)
 ParOldGen       total 77312K, used 77162K [0x0000000080000000, 0x0000000084b80000, 0x00000000d5580000)
  object space 77312K, 99% used [0x0000000080000000,0x0000000084b5a800,0x0000000084b80000)
 Metaspace       used 57893K, committed 59136K, reserved 1114112K
  class space    used 6062K, committed 6656K, reserved 1048576K
}
Event: 56.720 GC heap after
{Heap after GC invocations=47 (full 2):
 PSYoungGen      total 13312K, used 2196K [0x00000000d5580000, 0x00000000d6500000, 0x0000000100000000)
  eden space 10752K, 0% used [0x00000000d5580000,0x00000000d5580000,0x00000000d6000000)
  from space 2560K, 85% used [0x00000000d6080000,0x00000000d62a5180,0x00000000d6300000)
  to   space 2048K, 0% used [0x00000000d6300000,0x00000000d6300000,0x00000000d6500000)
 ParOldGen       total 79872K, used 79490K [0x0000000080000000, 0x0000000084e00000, 0x00000000d5580000)
  object space 79872K, 99% used [0x0000000080000000,0x0000000084da0bb0,0x0000000084e00000)
 Metaspace       used 57893K, committed 59136K, reserved 1114112K
  class space    used 6062K, committed 6656K, reserved 1048576K
}
Event: 56.968 GC heap before
{Heap before GC invocations=48 (full 2):
 PSYoungGen      total 13312K, used 12948K [0x00000000d5580000, 0x00000000d6500000, 0x0000000100000000)
  eden space 10752K, 100% used [0x00000000d5580000,0x00000000d6000000,0x00000000d6000000)
  from space 2560K, 85% used [0x00000000d6080000,0x00000000d62a5180,0x00000000d6300000)
  to   space 2048K, 0% used [0x00000000d6300000,0x00000000d6300000,0x00000000d6500000)
 ParOldGen       total 79872K, used 79490K [0x0000000080000000, 0x0000000084e00000, 0x00000000d5580000)
  object space 79872K, 99% used [0x0000000080000000,0x0000000084da0bb0,0x0000000084e00000)
 Metaspace       used 58240K, committed 59520K, reserved 1114112K
  class space    used 6090K, committed 6656K, reserved 1048576K
}
Event: 56.973 GC heap after
{Heap after GC invocations=48 (full 2):
 PSYoungGen      total 10752K, used 2034K [0x00000000d5580000, 0x00000000d6a00000, 0x0000000100000000)
  eden space 8704K, 0% used [0x00000000d5580000,0x00000000d5580000,0x00000000d5e00000)
  from space 2048K, 99% used [0x00000000d6300000,0x00000000d64fc828,0x00000000d6500000)
  to   space 5120K, 0% used [0x00000000d5e00000,0x00000000d5e00000,0x00000000d6300000)
 ParOldGen       total 81920K, used 81913K [0x0000000080000000, 0x0000000085000000, 0x00000000d5580000)
  object space 81920K, 99% used [0x0000000080000000,0x0000000084ffe470,0x0000000085000000)
 Metaspace       used 58240K, committed 59520K, reserved 1114112K
  class space    used 6090K, committed 6656K, reserved 1048576K
}
Event: 57.137 GC heap before
{Heap before GC invocations=49 (full 2):
 PSYoungGen      total 10752K, used 10738K [0x00000000d5580000, 0x00000000d6a00000, 0x0000000100000000)
  eden space 8704K, 100% used [0x00000000d5580000,0x00000000d5e00000,0x00000000d5e00000)
  from space 2048K, 99% used [0x00000000d6300000,0x00000000d64fc828,0x00000000d6500000)
  to   space 5120K, 0% used [0x00000000d5e00000,0x00000000d5e00000,0x00000000d6300000)
 ParOldGen       total 81920K, used 81913K [0x0000000080000000, 0x0000000085000000, 0x00000000d5580000)
  object space 81920K, 99% used [0x0000000080000000,0x0000000084ffe470,0x0000000085000000)
 Metaspace       used 58379K, committed 59712K, reserved 1114112K
  class space    used 6094K, committed 6720K, reserved 1048576K
}
Event: 57.141 GC heap after
{Heap after GC invocations=49 (full 2):
 PSYoungGen      total 10752K, used 1975K [0x00000000d5580000, 0x00000000d6400000, 0x0000000100000000)
  eden space 8704K, 0% used [0x00000000d5580000,0x00000000d5580000,0x00000000d5e00000)
  from space 2048K, 96% used [0x00000000d5e00000,0x00000000d5fedc28,0x00000000d6000000)
  to   space 3072K, 0% used [0x00000000d6100000,0x00000000d6100000,0x00000000d6400000)
 ParOldGen       total 83968K, used 83964K [0x0000000080000000, 0x0000000085200000, 0x00000000d5580000)
  object space 83968K, 99% used [0x0000000080000000,0x00000000851ff018,0x0000000085200000)
 Metaspace       used 58379K, committed 59712K, reserved 1114112K
  class space    used 6094K, committed 6720K, reserved 1048576K
}
Event: 57.273 GC heap before
{Heap before GC invocations=50 (full 2):
 PSYoungGen      total 10752K, used 10673K [0x00000000d5580000, 0x00000000d6400000, 0x0000000100000000)
  eden space 8704K, 99% used [0x00000000d5580000,0x00000000d5dfeba0,0x00000000d5e00000)
  from space 2048K, 96% used [0x00000000d5e00000,0x00000000d5fedc28,0x00000000d6000000)
  to   space 3072K, 0% used [0x00000000d6100000,0x00000000d6100000,0x00000000d6400000)
 ParOldGen       total 83968K, used 83964K [0x0000000080000000, 0x0000000085200000, 0x00000000d5580000)
  object space 83968K, 99% used [0x0000000080000000,0x00000000851ff018,0x0000000085200000)
 Metaspace       used 58813K, committed 60096K, reserved 1114112K
  class space    used 6132K, committed 6720K, reserved 1048576K
}
Event: 57.277 GC heap after
{Heap after GC invocations=50 (full 2):
 PSYoungGen      total 10752K, used 1633K [0x00000000d5580000, 0x00000000d6300000, 0x0000000100000000)
  eden space 8704K, 0% used [0x00000000d5580000,0x00000000d5580000,0x00000000d5e00000)
  from space 2048K, 79% used [0x00000000d6100000,0x00000000d6298658,0x00000000d6300000)
  to   space 2048K, 0% used [0x00000000d5e00000,0x00000000d5e00000,0x00000000d6000000)
 ParOldGen       total 86016K, used 85815K [0x0000000080000000, 0x0000000085400000, 0x00000000d5580000)
  object space 86016K, 99% used [0x0000000080000000,0x00000000853cded0,0x0000000085400000)
 Metaspace       used 58813K, committed 60096K, reserved 1114112K
  class space    used 6132K, committed 6720K, reserved 1048576K
}
Event: 57.383 GC heap before
{Heap before GC invocations=51 (full 2):
 PSYoungGen      total 10752K, used 10337K [0x00000000d5580000, 0x00000000d6300000, 0x0000000100000000)
  eden space 8704K, 100% used [0x00000000d5580000,0x00000000d5e00000,0x00000000d5e00000)
  from space 2048K, 79% used [0x00000000d6100000,0x00000000d6298658,0x00000000d6300000)
  to   space 2048K, 0% used [0x00000000d5e00000,0x00000000d5e00000,0x00000000d6000000)
 ParOldGen       total 86016K, used 85815K [0x0000000080000000, 0x0000000085400000, 0x00000000d5580000)
  object space 86016K, 99% used [0x0000000080000000,0x00000000853cded0,0x0000000085400000)
 Metaspace       used 58854K, committed 60160K, reserved 1114112K
  class space    used 6133K, committed 6720K, reserved 1048576K
}
Event: 57.386 GC heap after
{Heap after GC invocations=51 (full 2):
 PSYoungGen      total 10752K, used 1808K [0x00000000d5580000, 0x00000000d6200000, 0x0000000100000000)
  eden space 8704K, 0% used [0x00000000d5580000,0x00000000d5580000,0x00000000d5e00000)
  from space 2048K, 88% used [0x00000000d5e00000,0x00000000d5fc43b8,0x00000000d6000000)
  to   space 2048K, 0% used [0x00000000d6000000,0x00000000d6000000,0x00000000d6200000)
 ParOldGen       total 87552K, used 87327K [0x0000000080000000, 0x0000000085580000, 0x00000000d5580000)
  object space 87552K, 99% used [0x0000000080000000,0x0000000085547c30,0x0000000085580000)
 Metaspace       used 58854K, committed 60160K, reserved 1114112K
  class space    used 6133K, committed 6720K, reserved 1048576K
}
Event: 57.494 GC heap before
{Heap before GC invocations=52 (full 2):
 PSYoungGen      total 10752K, used 10512K [0x00000000d5580000, 0x00000000d6200000, 0x0000000100000000)
  eden space 8704K, 100% used [0x00000000d5580000,0x00000000d5e00000,0x00000000d5e00000)
  from space 2048K, 88% used [0x00000000d5e00000,0x00000000d5fc43b8,0x00000000d6000000)
  to   space 2048K, 0% used [0x00000000d6000000,0x00000000d6000000,0x00000000d6200000)
 ParOldGen       total 87552K, used 87327K [0x0000000080000000, 0x0000000085580000, 0x00000000d5580000)
  object space 87552K, 99% used [0x0000000080000000,0x0000000085547c30,0x0000000085580000)
 Metaspace       used 58857K, committed 60160K, reserved 1114112K
  class space    used 6133K, committed 6720K, reserved 1048576K
}
Event: 57.496 GC heap after
{Heap after GC invocations=52 (full 2):
 PSYoungGen      total 10752K, used 1680K [0x00000000d5580000, 0x00000000d6200000, 0x0000000100000000)
  eden space 8704K, 0% used [0x00000000d5580000,0x00000000d5580000,0x00000000d5e00000)
  from space 2048K, 82% used [0x00000000d6000000,0x00000000d61a4100,0x00000000d6200000)
  to   space 2048K, 0% used [0x00000000d5e00000,0x00000000d5e00000,0x00000000d6000000)
 ParOldGen       total 89088K, used 89001K [0x0000000080000000, 0x0000000085700000, 0x00000000d5580000)
  object space 89088K, 99% used [0x0000000080000000,0x00000000856ea450,0x0000000085700000)
 Metaspace       used 58857K, committed 60160K, reserved 1114112K
  class space    used 6133K, committed 6720K, reserved 1048576K
}
Event: 57.593 GC heap before
{Heap before GC invocations=53 (full 2):
 PSYoungGen      total 10752K, used 10384K [0x00000000d5580000, 0x00000000d6200000, 0x0000000100000000)
  eden space 8704K, 100% used [0x00000000d5580000,0x00000000d5e00000,0x00000000d5e00000)
  from space 2048K, 82% used [0x00000000d6000000,0x00000000d61a4100,0x00000000d6200000)
  to   space 2048K, 0% used [0x00000000d5e00000,0x00000000d5e00000,0x00000000d6000000)
 ParOldGen       total 89088K, used 89001K [0x0000000080000000, 0x0000000085700000, 0x00000000d5580000)
  object space 89088K, 99% used [0x0000000080000000,0x00000000856ea450,0x0000000085700000)
 Metaspace       used 58865K, committed 60160K, reserved 1114112K
  class space    used 6133K, committed 6720K, reserved 1048576K
}
Event: 57.595 GC heap after
{Heap after GC invocations=53 (full 2):
 PSYoungGen      total 10752K, used 1739K [0x00000000d5580000, 0x00000000d6200000, 0x0000000100000000)
  eden space 8704K, 0% used [0x00000000d5580000,0x00000000d5580000,0x00000000d5e00000)
  from space 2048K, 84% used [0x00000000d5e00000,0x00000000d5fb2c10,0x00000000d6000000)
  to   space 2048K, 0% used [0x00000000d6000000,0x00000000d6000000,0x00000000d6200000)
 ParOldGen       total 90624K, used 90576K [0x0000000080000000, 0x0000000085880000, 0x00000000d5580000)
  object space 90624K, 99% used [0x0000000080000000,0x0000000085874030,0x0000000085880000)
 Metaspace       used 58865K, committed 60160K, reserved 1114112K
  class space    used 6133K, committed 6720K, reserved 1048576K
}
Event: 57.696 GC heap before
{Heap before GC invocations=54 (full 2):
 PSYoungGen      total 10752K, used 10443K [0x00000000d5580000, 0x00000000d6200000, 0x0000000100000000)
  eden space 8704K, 100% used [0x00000000d5580000,0x00000000d5e00000,0x00000000d5e00000)
  from space 2048K, 84% used [0x00000000d5e00000,0x00000000d5fb2c10,0x00000000d6000000)
  to   space 2048K, 0% used [0x00000000d6000000,0x00000000d6000000,0x00000000d6200000)
 ParOldGen       total 90624K, used 90576K [0x0000000080000000, 0x0000000085880000, 0x00000000d5580000)
  object space 90624K, 99% used [0x0000000080000000,0x0000000085874030,0x0000000085880000)
 Metaspace       used 58867K, committed 60160K, reserved 1114112K
  class space    used 6133K, committed 6720K, reserved 1048576K
}
Event: 57.698 GC heap after
{Heap after GC invocations=54 (full 2):
 PSYoungGen      total 10752K, used 1623K [0x00000000d5580000, 0x00000000d6200000, 0x0000000100000000)
  eden space 8704K, 0% used [0x00000000d5580000,0x00000000d5580000,0x00000000d5e00000)
  from space 2048K, 79% used [0x00000000d6000000,0x00000000d6195d90,0x00000000d6200000)
  to   space 2048K, 0% used [0x00000000d5e00000,0x00000000d5e00000,0x00000000d6000000)
 ParOldGen       total 92672K, used 92215K [0x0000000080000000, 0x0000000085a80000, 0x00000000d5580000)
  object space 92672K, 99% used [0x0000000080000000,0x0000000085a0def0,0x0000000085a80000)
 Metaspace       used 58867K, committed 60160K, reserved 1114112K
  class space    used 6133K, committed 6720K, reserved 1048576K
}
Event: 57.945 GC heap before
{Heap before GC invocations=55 (full 2):
 PSYoungGen      total 10752K, used 10327K [0x00000000d5580000, 0x00000000d6200000, 0x0000000100000000)
  eden space 8704K, 100% used [0x00000000d5580000,0x00000000d5e00000,0x00000000d5e00000)
  from space 2048K, 79% used [0x00000000d6000000,0x00000000d6195d90,0x00000000d6200000)
  to   space 2048K, 0% used [0x00000000d5e00000,0x00000000d5e00000,0x00000000d6000000)
 ParOldGen       total 92672K, used 92215K [0x0000000080000000, 0x0000000085a80000, 0x00000000d5580000)
  object space 92672K, 99% used [0x0000000080000000,0x0000000085a0def0,0x0000000085a80000)
 Metaspace       used 58870K, committed 60160K, reserved 1114112K
  class space    used 6133K, committed 6720K, reserved 1048576K
}
Event: 57.947 GC heap after
{Heap after GC invocations=55 (full 2):
 PSYoungGen      total 10752K, used 1611K [0x00000000d5580000, 0x00000000d6200000, 0x0000000100000000)
  eden space 8704K, 0% used [0x00000000d5580000,0x00000000d5580000,0x00000000d5e00000)
  from space 2048K, 78% used [0x00000000d5e00000,0x00000000d5f92d18,0x00000000d6000000)
  to   space 2048K, 0% used [0x00000000d6000000,0x00000000d6000000,0x00000000d6200000)
 ParOldGen       total 94208K, used 93711K [0x0000000080000000, 0x0000000085c00000, 0x00000000d5580000)
  object space 94208K, 99% used [0x0000000080000000,0x0000000085b83dd8,0x0000000085c00000)
 Metaspace       used 58870K, committed 60160K, reserved 1114112K
  class space    used 6133K, committed 6720K, reserved 1048576K
}
Event: 58.157 GC heap before
{Heap before GC invocations=56 (full 2):
 PSYoungGen      total 10752K, used 10315K [0x00000000d5580000, 0x00000000d6200000, 0x0000000100000000)
  eden space 8704K, 100% used [0x00000000d5580000,0x00000000d5e00000,0x00000000d5e00000)
  from space 2048K, 78% used [0x00000000d5e00000,0x00000000d5f92d18,0x00000000d6000000)
  to   space 2048K, 0% used [0x00000000d6000000,0x00000000d6000000,0x00000000d6200000)
 ParOldGen       total 94208K, used 93711K [0x0000000080000000, 0x0000000085c00000, 0x00000000d5580000)
  object space 94208K, 99% used [0x0000000080000000,0x0000000085b83dd8,0x0000000085c00000)
 Metaspace       used 58870K, committed 60160K, reserved 1114112K
  class space    used 6133K, committed 6720K, reserved 1048576K
}
Event: 58.161 GC heap after
{Heap after GC invocations=56 (full 2):
 PSYoungGen      total 10752K, used 2029K [0x00000000d5580000, 0x00000000d6200000, 0x0000000100000000)
  eden space 8704K, 0% used [0x00000000d5580000,0x00000000d5580000,0x00000000d5e00000)
  from space 2048K, 99% used [0x00000000d6000000,0x00000000d61fb4e0,0x00000000d6200000)
  to   space 2048K, 0% used [0x00000000d5e00000,0x00000000d5e00000,0x00000000d6000000)
 ParOldGen       total 95744K, used 95600K [0x0000000080000000, 0x0000000085d80000, 0x00000000d5580000)
  object space 95744K, 99% used [0x0000000080000000,0x0000000085d5c098,0x0000000085d80000)
 Metaspace       used 58870K, committed 60160K, reserved 1114112K
  class space    used 6133K, committed 6720K, reserved 1048576K
}

